\BOOKMARK [1][-]{section.1}{Introdu\347\343o}{}% 1
\BOOKMARK [1][-]{section.2}{Ferramentas usadas}{}% 2
\BOOKMARK [1][-]{section.3}{Dados}{}% 3
\BOOKMARK [2][-]{subsection.3.1}{Transforma\347\343o do Dataset original}{section.3}% 4
\BOOKMARK [2][-]{subsection.3.2}{Divis\343o dos dados para o estudo}{section.3}% 5
\BOOKMARK [2][-]{subsection.3.3}{Forma como os dados foram explorados no estudo}{section.3}% 6
\BOOKMARK [1][-]{section.4}{Estudo com Redes Neuronais}{}% 7
\BOOKMARK [2][-]{subsection.4.1}{Estrutura usada}{section.4}% 8
\BOOKMARK [2][-]{subsection.4.2}{Estudo da varia\347\343o do alfa}{section.4}% 9
\BOOKMARK [2][-]{subsection.4.3}{Estudo da varia\347\343o do tamanho da Hidden Layer}{section.4}% 10
\BOOKMARK [2][-]{subsection.4.4}{Estudo da varia\347\343o do n\372mero de itera\347\365es}{section.4}% 11
\BOOKMARK [2][-]{subsection.4.5}{Estudo da varia\347\343o do tamanho da batch}{section.4}% 12
\BOOKMARK [2][-]{subsection.4.6}{Compara\347\343o com estudo feito usando CNN}{section.4}% 13
\BOOKMARK [2][-]{subsection.4.7}{Conclus\365es}{section.4}% 14
\BOOKMARK [1][-]{section.5}{Support Vector Machine \(SVM\)}{}% 15
\BOOKMARK [2][-]{subsection.5.1}{RBF Kernel}{section.5}% 16
\BOOKMARK [3][-]{subsubsection.5.1.1}{Valores default dos hiperpar\342metros}{subsection.5.1}% 17
\BOOKMARK [3][-]{subsubsection.5.1.2}{Equa\347\343o da Gaussian radial basis function}{subsection.5.1}% 18
\BOOKMARK [3][-]{subsubsection.5.1.3}{Estudo da varia\347\343o do gamma}{subsection.5.1}% 19
\BOOKMARK [3][-]{subsubsection.5.1.4}{Estudo da varia\347\343o do C \(1/lambda\)}{subsection.5.1}% 20
\BOOKMARK [3][-]{subsubsection.5.1.5}{Conclus\365es}{subsection.5.1}% 21
\BOOKMARK [2][-]{subsection.5.2}{Polynomial Kernel}{section.5}% 22
\BOOKMARK [3][-]{subsubsection.5.2.1}{Valores default dos hiperpar\342metros}{subsection.5.2}% 23
\BOOKMARK [3][-]{subsubsection.5.2.2}{Equa\347\343o da kernel polinomial}{subsection.5.2}% 24
\BOOKMARK [3][-]{subsubsection.5.2.3}{Estudo da varia\347\343o de C\(1/lambda\)}{subsection.5.2}% 25
\BOOKMARK [3][-]{subsubsection.5.2.4}{Estudo da varia\347\343o de degree}{subsection.5.2}% 26
\BOOKMARK [3][-]{subsubsection.5.2.5}{Notas}{subsection.5.2}% 27
\BOOKMARK [3][-]{subsubsection.5.2.6}{Conclus\365es}{subsection.5.2}% 28
\BOOKMARK [1][-]{section.6}{Multinomial logistic regression}{}% 29
\BOOKMARK [2][-]{subsection.6.1}{Valores defaults dos hiperpar\342metros}{section.6}% 30
\BOOKMARK [2][-]{subsection.6.2}{Estudo da varia\347\343o de C}{section.6}% 31
\BOOKMARK [2][-]{subsection.6.3}{Estudo da varia\347\343o de numero m\341ximo de itera\347\365es\(iter}{section.6}% 32
\BOOKMARK [2][-]{subsection.6.4}{Conclus\365es}{section.6}% 33
\BOOKMARK [1][-]{section.7}{Conclus\365es}{}% 34
\BOOKMARK [1][-]{section.8}{Anexo}{}% 35
\BOOKMARK [2][-]{subsection.8.1}{Accuracy}{section.8}% 36
\BOOKMARK [2][-]{subsection.8.2}{Recall}{section.8}% 37
\BOOKMARK [2][-]{subsection.8.3}{Precision}{section.8}% 38
\BOOKMARK [2][-]{subsection.8.4}{F1 Score}{section.8}% 39
\BOOKMARK [1][-]{section*.1}{References}{}% 40
